[0.064s] Invoking command in '/home/jgait/DigitalControlsRobot/build/digital_controls_robot': CMAKE_PREFIX_PATH=/opt/ros/humble /usr/bin/cmake /home/jgait/DigitalControlsRobot/dev_ws/src -DAMENT_CMAKE_SYMLINK_INSTALL=1 -DCMAKE_INSTALL_PREFIX=/home/jgait/DigitalControlsRobot/install/digital_controls_robot
[0.203s] -- The C compiler identification is GNU 11.4.0
[0.294s] -- The CXX compiler identification is GNU 11.4.0
[0.305s] -- Detecting C compiler ABI info
[0.392s] -- Detecting C compiler ABI info - done
[0.402s] -- Check for working C compiler: /usr/bin/cc - skipped
[0.403s] -- Detecting C compile features
[0.403s] -- Detecting C compile features - done
[0.407s] -- Detecting CXX compiler ABI info
[0.497s] -- Detecting CXX compiler ABI info - done
[0.510s] -- Check for working CXX compiler: /usr/bin/c++ - skipped
[0.510s] -- Detecting CXX compile features
[0.511s] -- Detecting CXX compile features - done
[0.514s] -- Found ament_cmake: 1.3.5 (/opt/ros/humble/share/ament_cmake/cmake)
[0.714s] -- Found Python3: /usr/bin/python3.10 (found version "3.10.12") found components: Interpreter 
[0.793s] -- Override CMake install command with custom implementation using symlinks instead of copying resources
[0.841s] -- Found ament_lint_auto: 0.12.8 (/opt/ros/humble/share/ament_lint_auto/cmake)
[0.941s] -- Added test 'copyright' to check source files copyright and LICENSE
[0.944s] -- Added test 'flake8' to check Python code syntax and style conventions
[0.945s] -- Added test 'lint_cmake' to check CMake code style
[0.946s] -- Added test 'pep257' to check Python code against some of the docstring style conventions in PEP 257
[0.947s] -- Added test 'xmllint' to check XML markup files
[0.949s] -- Configuring done
[0.954s] -- Generating done
[0.956s] -- Build files have been written to: /home/jgait/DigitalControlsRobot/build/digital_controls_robot
[0.963s] Invoked command in '/home/jgait/DigitalControlsRobot/build/digital_controls_robot' returned '0': CMAKE_PREFIX_PATH=/opt/ros/humble /usr/bin/cmake /home/jgait/DigitalControlsRobot/dev_ws/src -DAMENT_CMAKE_SYMLINK_INSTALL=1 -DCMAKE_INSTALL_PREFIX=/home/jgait/DigitalControlsRobot/install/digital_controls_robot
[0.967s] Invoking command in '/home/jgait/DigitalControlsRobot/build/digital_controls_robot': CMAKE_PREFIX_PATH=/opt/ros/humble /usr/bin/cmake --build /home/jgait/DigitalControlsRobot/build/digital_controls_robot -- -j4 -l4
[1.007s] Invoked command in '/home/jgait/DigitalControlsRobot/build/digital_controls_robot' returned '0': CMAKE_PREFIX_PATH=/opt/ros/humble /usr/bin/cmake --build /home/jgait/DigitalControlsRobot/build/digital_controls_robot -- -j4 -l4
[1.041s] Invoking command in '/home/jgait/DigitalControlsRobot/build/digital_controls_robot': CMAKE_PREFIX_PATH=/opt/ros/humble /usr/bin/cmake --install /home/jgait/DigitalControlsRobot/build/digital_controls_robot
[1.050s] -- Install configuration: ""
[1.050s] -- Execute custom install script
[1.051s] -- Symlinking: /home/jgait/DigitalControlsRobot/install/digital_controls_robot/share/digital_controls_robot/config/empty.yaml
[1.061s] -- Symlinking: /home/jgait/DigitalControlsRobot/install/digital_controls_robot/share/digital_controls_robot/description/robot.urdf.xacro
[1.071s] -- Symlinking: /home/jgait/DigitalControlsRobot/install/digital_controls_robot/share/digital_controls_robot/description/robot_core.xacro
[1.080s] -- Symlinking: /home/jgait/DigitalControlsRobot/install/digital_controls_robot/share/digital_controls_robot/launch/rsp.launch.py
[1.091s] -- Symlinking: /home/jgait/DigitalControlsRobot/install/digital_controls_robot/share/digital_controls_robot/worlds/empty.world
[1.100s] -- Symlinking: /home/jgait/DigitalControlsRobot/install/digital_controls_robot/share/ament_index/resource_index/package_run_dependencies/digital_controls_robot
[1.110s] -- Symlinking: /home/jgait/DigitalControlsRobot/install/digital_controls_robot/share/ament_index/resource_index/parent_prefix_path/digital_controls_robot
[1.119s] -- Symlinking: /home/jgait/DigitalControlsRobot/install/digital_controls_robot/share/digital_controls_robot/environment/ament_prefix_path.sh
[1.129s] -- Symlinking: /home/jgait/DigitalControlsRobot/install/digital_controls_robot/share/digital_controls_robot/environment/ament_prefix_path.dsv
[1.140s] -- Symlinking: /home/jgait/DigitalControlsRobot/install/digital_controls_robot/share/digital_controls_robot/environment/path.sh
[1.153s] -- Symlinking: /home/jgait/DigitalControlsRobot/install/digital_controls_robot/share/digital_controls_robot/environment/path.dsv
[1.163s] -- Symlinking: /home/jgait/DigitalControlsRobot/install/digital_controls_robot/share/digital_controls_robot/local_setup.bash
[1.172s] -- Symlinking: /home/jgait/DigitalControlsRobot/install/digital_controls_robot/share/digital_controls_robot/local_setup.sh
[1.182s] -- Symlinking: /home/jgait/DigitalControlsRobot/install/digital_controls_robot/share/digital_controls_robot/local_setup.zsh
[1.191s] -- Symlinking: /home/jgait/DigitalControlsRobot/install/digital_controls_robot/share/digital_controls_robot/local_setup.dsv
[1.201s] -- Symlinking: /home/jgait/DigitalControlsRobot/install/digital_controls_robot/share/digital_controls_robot/package.dsv
[1.211s] -- Symlinking: /home/jgait/DigitalControlsRobot/install/digital_controls_robot/share/ament_index/resource_index/packages/digital_controls_robot
[1.220s] -- Symlinking: /home/jgait/DigitalControlsRobot/install/digital_controls_robot/share/digital_controls_robot/cmake/digital_controls_robotConfig.cmake
[1.231s] -- Symlinking: /home/jgait/DigitalControlsRobot/install/digital_controls_robot/share/digital_controls_robot/cmake/digital_controls_robotConfig-version.cmake
[1.241s] -- Symlinking: /home/jgait/DigitalControlsRobot/install/digital_controls_robot/share/digital_controls_robot/package.xml
[1.252s] Invoked command in '/home/jgait/DigitalControlsRobot/build/digital_controls_robot' returned '0': CMAKE_PREFIX_PATH=/opt/ros/humble /usr/bin/cmake --install /home/jgait/DigitalControlsRobot/build/digital_controls_robot
