[1.141s] DEBUG:colcon:Command line arguments: ['/usr/bin/colcon', 'build', '--symlink-install']
[1.141s] DEBUG:colcon:Parsed command line arguments: Namespace(log_base=None, log_level=None, verb_name='build', build_base='build', install_base='install', merge_install=False, symlink_install=True, test_result_base=None, continue_on_error=False, executor='parallel', parallel_workers=4, event_handlers=None, ignore_user_meta=False, metas=['./colcon.meta'], base_paths=['.'], packages_ignore=None, packages_ignore_regex=None, paths=None, packages_up_to=None, packages_up_to_regex=None, packages_above=None, packages_above_and_dependencies=None, packages_above_depth=None, packages_select_by_dep=None, packages_skip_by_dep=None, packages_skip_up_to=None, packages_select_build_failed=False, packages_skip_build_finished=False, packages_select_test_failures=False, packages_skip_test_passed=False, packages_select=None, packages_skip=None, packages_select_regex=None, packages_skip_regex=None, packages_start=None, packages_end=None, allow_overriding=[], cmake_args=None, cmake_target=None, cmake_target_skip_unavailable=False, cmake_clean_cache=False, cmake_clean_first=False, cmake_force_configure=False, ament_cmake_args=None, catkin_cmake_args=None, catkin_skip_building_tests=False, verb_parser=<colcon_defaults.argument_parser.defaults.DefaultArgumentsDecorator object at 0x7f4610db4790>, verb_extension=<colcon_core.verb.build.BuildVerb object at 0x7f4610dc17e0>, main=<bound method BuildVerb.main of <colcon_core.verb.build.BuildVerb object at 0x7f4610dc17e0>>)
[1.197s] Level 1:colcon.colcon_core.package_discovery:discover_packages(colcon_meta) check parameters
[1.197s] Level 1:colcon.colcon_core.package_discovery:discover_packages(recursive) check parameters
[1.197s] Level 1:colcon.colcon_core.package_discovery:discover_packages(ignore) check parameters
[1.197s] Level 1:colcon.colcon_core.package_discovery:discover_packages(path) check parameters
[1.197s] Level 1:colcon.colcon_core.package_discovery:discover_packages(colcon_meta) discover
[1.197s] Level 1:colcon.colcon_core.package_discovery:discover_packages(recursive) discover
[1.197s] INFO:colcon.colcon_core.package_discovery:Crawling recursively for packages in '/home/jgait/DigitalControlsRobot'
[1.197s] Level 1:colcon.colcon_core.package_identification:_identify(.) by extensions ['ignore', 'ignore_ament_install']
[1.197s] Level 1:colcon.colcon_core.package_identification:_identify(.) by extension 'ignore'
[1.198s] Level 1:colcon.colcon_core.package_identification:_identify(.) by extension 'ignore_ament_install'
[1.198s] Level 1:colcon.colcon_core.package_identification:_identify(.) by extensions ['colcon_pkg']
[1.198s] Level 1:colcon.colcon_core.package_identification:_identify(.) by extension 'colcon_pkg'
[1.198s] Level 1:colcon.colcon_core.package_identification:_identify(.) by extensions ['colcon_meta']
[1.198s] Level 1:colcon.colcon_core.package_identification:_identify(.) by extension 'colcon_meta'
[1.198s] Level 1:colcon.colcon_core.package_identification:_identify(.) by extensions ['ros']
[1.198s] Level 1:colcon.colcon_core.package_identification:_identify(.) by extension 'ros'
[1.211s] Level 1:colcon.colcon_core.package_identification:_identify(.) by extensions ['cmake', 'python']
[1.211s] Level 1:colcon.colcon_core.package_identification:_identify(.) by extension 'cmake'
[1.211s] Level 1:colcon.colcon_core.package_identification:_identify(.) by extension 'python'
[1.211s] Level 1:colcon.colcon_core.package_identification:_identify(.) by extensions ['python_setup_py']
[1.211s] Level 1:colcon.colcon_core.package_identification:_identify(.) by extension 'python_setup_py'
[1.211s] Level 1:colcon.colcon_core.package_identification:_identify(build) by extensions ['ignore', 'ignore_ament_install']
[1.212s] Level 1:colcon.colcon_core.package_identification:_identify(build) by extension 'ignore'
[1.212s] Level 1:colcon.colcon_core.package_identification:_identify(build) ignored
[1.212s] Level 1:colcon.colcon_core.package_identification:_identify(dev_ws) by extensions ['ignore', 'ignore_ament_install']
[1.212s] Level 1:colcon.colcon_core.package_identification:_identify(dev_ws) by extension 'ignore'
[1.212s] Level 1:colcon.colcon_core.package_identification:_identify(dev_ws) by extension 'ignore_ament_install'
[1.212s] Level 1:colcon.colcon_core.package_identification:_identify(dev_ws) by extensions ['colcon_pkg']
[1.212s] Level 1:colcon.colcon_core.package_identification:_identify(dev_ws) by extension 'colcon_pkg'
[1.212s] Level 1:colcon.colcon_core.package_identification:_identify(dev_ws) by extensions ['colcon_meta']
[1.212s] Level 1:colcon.colcon_core.package_identification:_identify(dev_ws) by extension 'colcon_meta'
[1.212s] Level 1:colcon.colcon_core.package_identification:_identify(dev_ws) by extensions ['ros']
[1.212s] Level 1:colcon.colcon_core.package_identification:_identify(dev_ws) by extension 'ros'
[1.212s] Level 1:colcon.colcon_core.package_identification:_identify(dev_ws) by extensions ['cmake', 'python']
[1.212s] Level 1:colcon.colcon_core.package_identification:_identify(dev_ws) by extension 'cmake'
[1.212s] Level 1:colcon.colcon_core.package_identification:_identify(dev_ws) by extension 'python'
[1.212s] Level 1:colcon.colcon_core.package_identification:_identify(dev_ws) by extensions ['python_setup_py']
[1.213s] Level 1:colcon.colcon_core.package_identification:_identify(dev_ws) by extension 'python_setup_py'
[1.213s] Level 1:colcon.colcon_core.package_identification:_identify(dev_ws/build) by extensions ['ignore', 'ignore_ament_install']
[1.213s] Level 1:colcon.colcon_core.package_identification:_identify(dev_ws/build) by extension 'ignore'
[1.213s] Level 1:colcon.colcon_core.package_identification:_identify(dev_ws/build) ignored
[1.213s] Level 1:colcon.colcon_core.package_identification:_identify(dev_ws/install) by extensions ['ignore', 'ignore_ament_install']
[1.213s] Level 1:colcon.colcon_core.package_identification:_identify(dev_ws/install) by extension 'ignore'
[1.213s] Level 1:colcon.colcon_core.package_identification:_identify(dev_ws/install) ignored
[1.213s] Level 1:colcon.colcon_core.package_identification:_identify(dev_ws/log) by extensions ['ignore', 'ignore_ament_install']
[1.213s] Level 1:colcon.colcon_core.package_identification:_identify(dev_ws/log) by extension 'ignore'
[1.213s] Level 1:colcon.colcon_core.package_identification:_identify(dev_ws/log) ignored
[1.213s] Level 1:colcon.colcon_core.package_identification:_identify(dev_ws/src) by extensions ['ignore', 'ignore_ament_install']
[1.214s] Level 1:colcon.colcon_core.package_identification:_identify(dev_ws/src) by extension 'ignore'
[1.214s] Level 1:colcon.colcon_core.package_identification:_identify(dev_ws/src) by extension 'ignore_ament_install'
[1.214s] Level 1:colcon.colcon_core.package_identification:_identify(dev_ws/src) by extensions ['colcon_pkg']
[1.214s] Level 1:colcon.colcon_core.package_identification:_identify(dev_ws/src) by extension 'colcon_pkg'
[1.214s] Level 1:colcon.colcon_core.package_identification:_identify(dev_ws/src) by extensions ['colcon_meta']
[1.214s] Level 1:colcon.colcon_core.package_identification:_identify(dev_ws/src) by extension 'colcon_meta'
[1.214s] Level 1:colcon.colcon_core.package_identification:_identify(dev_ws/src) by extensions ['ros']
[1.214s] Level 1:colcon.colcon_core.package_identification:_identify(dev_ws/src) by extension 'ros'
[1.217s] DEBUG:colcon.colcon_core.package_identification:Package 'dev_ws/src' with type 'ros.ament_cmake' and name 'digital_controls_robot'
[1.217s] Level 1:colcon.colcon_core.package_identification:_identify(install) by extensions ['ignore', 'ignore_ament_install']
[1.217s] Level 1:colcon.colcon_core.package_identification:_identify(install) by extension 'ignore'
[1.217s] Level 1:colcon.colcon_core.package_identification:_identify(install) ignored
[1.217s] Level 1:colcon.colcon_core.package_identification:_identify(log) by extensions ['ignore', 'ignore_ament_install']
[1.217s] Level 1:colcon.colcon_core.package_identification:_identify(log) by extension 'ignore'
[1.217s] Level 1:colcon.colcon_core.package_identification:_identify(log) ignored
[1.217s] Level 1:colcon.colcon_core.package_discovery:discover_packages(recursive) using defaults
[1.217s] Level 1:colcon.colcon_core.package_discovery:discover_packages(ignore) discover
[1.217s] Level 1:colcon.colcon_core.package_discovery:discover_packages(ignore) using defaults
[1.218s] Level 1:colcon.colcon_core.package_discovery:discover_packages(path) discover
[1.218s] Level 1:colcon.colcon_core.package_discovery:discover_packages(path) using defaults
[1.338s] Level 1:colcon.colcon_core.package_discovery:discover_packages(prefix_path) check parameters
[1.339s] Level 1:colcon.colcon_core.package_discovery:discover_packages(prefix_path) discover
[1.373s] DEBUG:colcon.colcon_installed_package_information.package_discovery:Found 273 installed packages in /opt/ros/humble
[1.375s] Level 1:colcon.colcon_core.package_discovery:discover_packages(prefix_path) using defaults
[1.485s] Level 5:colcon.colcon_core.verb:set package 'digital_controls_robot' build argument 'cmake_args' from command line to 'None'
[1.485s] Level 5:colcon.colcon_core.verb:set package 'digital_controls_robot' build argument 'cmake_target' from command line to 'None'
[1.485s] Level 5:colcon.colcon_core.verb:set package 'digital_controls_robot' build argument 'cmake_target_skip_unavailable' from command line to 'False'
[1.485s] Level 5:colcon.colcon_core.verb:set package 'digital_controls_robot' build argument 'cmake_clean_cache' from command line to 'False'
[1.485s] Level 5:colcon.colcon_core.verb:set package 'digital_controls_robot' build argument 'cmake_clean_first' from command line to 'False'
[1.485s] Level 5:colcon.colcon_core.verb:set package 'digital_controls_robot' build argument 'cmake_force_configure' from command line to 'False'
[1.485s] Level 5:colcon.colcon_core.verb:set package 'digital_controls_robot' build argument 'ament_cmake_args' from command line to 'None'
[1.485s] Level 5:colcon.colcon_core.verb:set package 'digital_controls_robot' build argument 'catkin_cmake_args' from command line to 'None'
[1.485s] Level 5:colcon.colcon_core.verb:set package 'digital_controls_robot' build argument 'catkin_skip_building_tests' from command line to 'False'
[1.485s] DEBUG:colcon.colcon_core.verb:Building package 'digital_controls_robot' with the following arguments: {'ament_cmake_args': None, 'build_base': '/home/jgait/DigitalControlsRobot/build/digital_controls_robot', 'catkin_cmake_args': None, 'catkin_skip_building_tests': False, 'cmake_args': None, 'cmake_clean_cache': False, 'cmake_clean_first': False, 'cmake_force_configure': False, 'cmake_target': None, 'cmake_target_skip_unavailable': False, 'install_base': '/home/jgait/DigitalControlsRobot/install/digital_controls_robot', 'merge_install': False, 'path': '/home/jgait/DigitalControlsRobot/dev_ws/src', 'symlink_install': True, 'test_result_base': None}
[1.501s] INFO:colcon.colcon_core.executor:Executing jobs using 'parallel' executor
[1.519s] DEBUG:colcon.colcon_parallel_executor.executor.parallel:run_until_complete
[1.519s] INFO:colcon.colcon_ros.task.ament_cmake.build:Building ROS package in '/home/jgait/DigitalControlsRobot/dev_ws/src' with build type 'ament_cmake'
[1.519s] INFO:colcon.colcon_cmake.task.cmake.build:Building CMake package in '/home/jgait/DigitalControlsRobot/dev_ws/src'
[1.539s] INFO:colcon.colcon_core.plugin_system:Skipping extension 'colcon_core.shell.bat': Not used on non-Windows systems
[1.539s] INFO:colcon.colcon_core.shell:Skip shell extension 'powershell' for command environment: Not usable outside of PowerShell
[1.539s] DEBUG:colcon.colcon_core.shell:Skip shell extension 'dsv' for command environment
[1.583s] DEBUG:colcon.colcon_core.event_handler.log_command:Invoking command in '/home/jgait/DigitalControlsRobot/build/digital_controls_robot': CMAKE_PREFIX_PATH=/opt/ros/humble /usr/bin/cmake /home/jgait/DigitalControlsRobot/dev_ws/src -DAMENT_CMAKE_SYMLINK_INSTALL=1 -DCMAKE_INSTALL_PREFIX=/home/jgait/DigitalControlsRobot/install/digital_controls_robot
[2.483s] DEBUG:colcon.colcon_core.event_handler.log_command:Invoked command in '/home/jgait/DigitalControlsRobot/build/digital_controls_robot' returned '0': CMAKE_PREFIX_PATH=/opt/ros/humble /usr/bin/cmake /home/jgait/DigitalControlsRobot/dev_ws/src -DAMENT_CMAKE_SYMLINK_INSTALL=1 -DCMAKE_INSTALL_PREFIX=/home/jgait/DigitalControlsRobot/install/digital_controls_robot
[2.487s] DEBUG:colcon.colcon_core.event_handler.log_command:Invoking command in '/home/jgait/DigitalControlsRobot/build/digital_controls_robot': CMAKE_PREFIX_PATH=/opt/ros/humble /usr/bin/cmake --build /home/jgait/DigitalControlsRobot/build/digital_controls_robot -- -j4 -l4
[2.526s] DEBUG:colcon.colcon_core.event_handler.log_command:Invoked command in '/home/jgait/DigitalControlsRobot/build/digital_controls_robot' returned '0': CMAKE_PREFIX_PATH=/opt/ros/humble /usr/bin/cmake --build /home/jgait/DigitalControlsRobot/build/digital_controls_robot -- -j4 -l4
[2.561s] DEBUG:colcon.colcon_core.event_handler.log_command:Invoking command in '/home/jgait/DigitalControlsRobot/build/digital_controls_robot': CMAKE_PREFIX_PATH=/opt/ros/humble /usr/bin/cmake --install /home/jgait/DigitalControlsRobot/build/digital_controls_robot
[2.771s] Level 1:colcon.colcon_core.environment:create_environment_scripts_only(digital_controls_robot)
[2.771s] DEBUG:colcon.colcon_core.event_handler.log_command:Invoked command in '/home/jgait/DigitalControlsRobot/build/digital_controls_robot' returned '0': CMAKE_PREFIX_PATH=/opt/ros/humble /usr/bin/cmake --install /home/jgait/DigitalControlsRobot/build/digital_controls_robot
[2.791s] Level 1:colcon.colcon_core.environment:checking '/home/jgait/DigitalControlsRobot/install/digital_controls_robot' for CMake module files
[2.791s] Level 1:colcon.colcon_core.environment:checking '/home/jgait/DigitalControlsRobot/install/digital_controls_robot' for CMake config files
[2.792s] Level 1:colcon.colcon_core.shell:create_environment_hook('digital_controls_robot', 'cmake_prefix_path')
[2.813s] INFO:colcon.colcon_core.shell:Creating environment hook '/home/jgait/DigitalControlsRobot/install/digital_controls_robot/share/digital_controls_robot/hook/cmake_prefix_path.ps1'
[2.814s] INFO:colcon.colcon_core.shell:Creating environment descriptor '/home/jgait/DigitalControlsRobot/install/digital_controls_robot/share/digital_controls_robot/hook/cmake_prefix_path.dsv'
[2.814s] INFO:colcon.colcon_core.shell:Creating environment hook '/home/jgait/DigitalControlsRobot/install/digital_controls_robot/share/digital_controls_robot/hook/cmake_prefix_path.sh'
[2.815s] Level 1:colcon.colcon_core.environment:checking '/home/jgait/DigitalControlsRobot/install/digital_controls_robot/bin'
[2.815s] Level 1:colcon.colcon_core.environment:checking '/home/jgait/DigitalControlsRobot/install/digital_controls_robot/lib/pkgconfig/digital_controls_robot.pc'
[2.816s] Level 1:colcon.colcon_core.environment:checking '/home/jgait/DigitalControlsRobot/install/digital_controls_robot/lib/python3.10/site-packages'
[2.816s] Level 1:colcon.colcon_core.environment:checking '/home/jgait/DigitalControlsRobot/install/digital_controls_robot/bin'
[2.837s] INFO:colcon.colcon_core.shell:Creating package script '/home/jgait/DigitalControlsRobot/install/digital_controls_robot/share/digital_controls_robot/package.ps1'
[2.838s] INFO:colcon.colcon_core.shell:Creating package descriptor '/home/jgait/DigitalControlsRobot/install/digital_controls_robot/share/digital_controls_robot/package.dsv'
[2.839s] INFO:colcon.colcon_core.shell:Creating package script '/home/jgait/DigitalControlsRobot/install/digital_controls_robot/share/digital_controls_robot/package.sh'
[2.839s] INFO:colcon.colcon_core.shell:Creating package script '/home/jgait/DigitalControlsRobot/install/digital_controls_robot/share/digital_controls_robot/package.bash'
[2.840s] INFO:colcon.colcon_core.shell:Creating package script '/home/jgait/DigitalControlsRobot/install/digital_controls_robot/share/digital_controls_robot/package.zsh'
[2.841s] Level 1:colcon.colcon_core.environment:create_file_with_runtime_dependencies(/home/jgait/DigitalControlsRobot/install/digital_controls_robot/share/colcon-core/packages/digital_controls_robot)
[2.886s] Level 1:colcon.colcon_core.environment:create_environment_scripts_only(digital_controls_robot)
[2.906s] Level 1:colcon.colcon_core.environment:checking '/home/jgait/DigitalControlsRobot/install/digital_controls_robot' for CMake module files
[2.906s] Level 1:colcon.colcon_core.environment:checking '/home/jgait/DigitalControlsRobot/install/digital_controls_robot' for CMake config files
[2.906s] Level 1:colcon.colcon_core.shell:create_environment_hook('digital_controls_robot', 'cmake_prefix_path')
[2.924s] INFO:colcon.colcon_core.shell:Creating environment hook '/home/jgait/DigitalControlsRobot/install/digital_controls_robot/share/digital_controls_robot/hook/cmake_prefix_path.ps1'
[2.925s] INFO:colcon.colcon_core.shell:Creating environment descriptor '/home/jgait/DigitalControlsRobot/install/digital_controls_robot/share/digital_controls_robot/hook/cmake_prefix_path.dsv'
[2.925s] INFO:colcon.colcon_core.shell:Creating environment hook '/home/jgait/DigitalControlsRobot/install/digital_controls_robot/share/digital_controls_robot/hook/cmake_prefix_path.sh'
[2.926s] Level 1:colcon.colcon_core.environment:checking '/home/jgait/DigitalControlsRobot/install/digital_controls_robot/bin'
[2.926s] Level 1:colcon.colcon_core.environment:checking '/home/jgait/DigitalControlsRobot/install/digital_controls_robot/lib/pkgconfig/digital_controls_robot.pc'
[2.927s] Level 1:colcon.colcon_core.environment:checking '/home/jgait/DigitalControlsRobot/install/digital_controls_robot/lib/python3.10/site-packages'
[2.927s] Level 1:colcon.colcon_core.environment:checking '/home/jgait/DigitalControlsRobot/install/digital_controls_robot/bin'
[2.945s] INFO:colcon.colcon_core.shell:Creating package script '/home/jgait/DigitalControlsRobot/install/digital_controls_robot/share/digital_controls_robot/package.ps1'
[2.945s] INFO:colcon.colcon_core.shell:Creating package descriptor '/home/jgait/DigitalControlsRobot/install/digital_controls_robot/share/digital_controls_robot/package.dsv'
[2.946s] INFO:colcon.colcon_core.shell:Creating package script '/home/jgait/DigitalControlsRobot/install/digital_controls_robot/share/digital_controls_robot/package.sh'
[2.946s] INFO:colcon.colcon_core.shell:Creating package script '/home/jgait/DigitalControlsRobot/install/digital_controls_robot/share/digital_controls_robot/package.bash'
[2.947s] INFO:colcon.colcon_core.shell:Creating package script '/home/jgait/DigitalControlsRobot/install/digital_controls_robot/share/digital_controls_robot/package.zsh'
[2.947s] Level 1:colcon.colcon_core.environment:create_file_with_runtime_dependencies(/home/jgait/DigitalControlsRobot/install/digital_controls_robot/share/colcon-core/packages/digital_controls_robot)
[2.948s] DEBUG:colcon.colcon_parallel_executor.executor.parallel:closing loop
[2.948s] DEBUG:colcon.colcon_parallel_executor.executor.parallel:loop closed
[2.948s] DEBUG:colcon.colcon_parallel_executor.executor.parallel:run_until_complete finished with '0'
[2.948s] DEBUG:colcon.colcon_core.event_reactor:joining thread
[2.974s] INFO:colcon.colcon_core.plugin_system:Skipping extension 'colcon_notification.desktop_notification.terminal_notifier': Not used on non-Darwin systems
[2.974s] INFO:colcon.colcon_core.plugin_system:Skipping extension 'colcon_notification.desktop_notification.win32': Not used on non-Windows systems
[2.974s] INFO:colcon.colcon_notification.desktop_notification:Sending desktop notification using 'notify2'
[2.990s] DEBUG:colcon.colcon_core.event_reactor:joined thread
[3.021s] INFO:colcon.colcon_core.shell:Creating prefix script '/home/jgait/DigitalControlsRobot/install/local_setup.ps1'
[3.022s] INFO:colcon.colcon_core.shell:Creating prefix util module '/home/jgait/DigitalControlsRobot/install/_local_setup_util_ps1.py'
[3.023s] INFO:colcon.colcon_core.shell:Creating prefix chain script '/home/jgait/DigitalControlsRobot/install/setup.ps1'
[3.046s] INFO:colcon.colcon_core.shell:Creating prefix script '/home/jgait/DigitalControlsRobot/install/local_setup.sh'
[3.047s] INFO:colcon.colcon_core.shell:Creating prefix util module '/home/jgait/DigitalControlsRobot/install/_local_setup_util_sh.py'
[3.048s] INFO:colcon.colcon_core.shell:Creating prefix chain script '/home/jgait/DigitalControlsRobot/install/setup.sh'
[3.070s] INFO:colcon.colcon_core.shell:Creating prefix script '/home/jgait/DigitalControlsRobot/install/local_setup.bash'
[3.070s] INFO:colcon.colcon_core.shell:Creating prefix chain script '/home/jgait/DigitalControlsRobot/install/setup.bash'
[3.090s] INFO:colcon.colcon_core.shell:Creating prefix script '/home/jgait/DigitalControlsRobot/install/local_setup.zsh'
[3.091s] INFO:colcon.colcon_core.shell:Creating prefix chain script '/home/jgait/DigitalControlsRobot/install/setup.zsh'
