[0.083s] Invoking command in '/home/jgait/DigitalControlsRobot/build/digital_controls_robot': CMAKE_PREFIX_PATH=/opt/ros/humble /usr/bin/cmake --build /home/jgait/DigitalControlsRobot/build/digital_controls_robot -- -j4 -l4
[0.187s] Invoked command in '/home/jgait/DigitalControlsRobot/build/digital_controls_robot' returned '0': CMAKE_PREFIX_PATH=/opt/ros/humble /usr/bin/cmake --build /home/jgait/DigitalControlsRobot/build/digital_controls_robot -- -j4 -l4
[0.238s] Invoking command in '/home/jgait/DigitalControlsRobot/build/digital_controls_robot': CMAKE_PREFIX_PATH=/opt/ros/humble /usr/bin/cmake --install /home/jgait/DigitalControlsRobot/build/digital_controls_robot
[0.251s] -- Install configuration: ""
[0.251s] -- Execute custom install script
[0.252s] -- Up-to-date symlink: /home/jgait/DigitalControlsRobot/install/digital_controls_robot/share/digital_controls_robot/config/empty.yaml
[0.252s] -- Symlinking: /home/jgait/DigitalControlsRobot/install/digital_controls_robot/share/digital_controls_robot/description/inertial_macros.xacro
[0.265s] -- Up-to-date symlink: /home/jgait/DigitalControlsRobot/install/digital_controls_robot/share/digital_controls_robot/description/robot.urdf.xacro
[0.265s] -- Up-to-date symlink: /home/jgait/DigitalControlsRobot/install/digital_controls_robot/share/digital_controls_robot/description/robot_core.xacro
[0.266s] -- Up-to-date symlink: /home/jgait/DigitalControlsRobot/install/digital_controls_robot/share/digital_controls_robot/launch/rsp.launch.py
[0.266s] -- Up-to-date symlink: /home/jgait/DigitalControlsRobot/install/digital_controls_robot/share/digital_controls_robot/worlds/empty.world
[0.267s] -- Up-to-date symlink: /home/jgait/DigitalControlsRobot/install/digital_controls_robot/share/ament_index/resource_index/package_run_dependencies/digital_controls_robot
[0.267s] -- Up-to-date symlink: /home/jgait/DigitalControlsRobot/install/digital_controls_robot/share/ament_index/resource_index/parent_prefix_path/digital_controls_robot
[0.267s] -- Up-to-date symlink: /home/jgait/DigitalControlsRobot/install/digital_controls_robot/share/digital_controls_robot/environment/ament_prefix_path.sh
[0.268s] -- Up-to-date symlink: /home/jgait/DigitalControlsRobot/install/digital_controls_robot/share/digital_controls_robot/environment/ament_prefix_path.dsv
[0.268s] -- Up-to-date symlink: /home/jgait/DigitalControlsRobot/install/digital_controls_robot/share/digital_controls_robot/environment/path.sh
[0.268s] -- Up-to-date symlink: /home/jgait/DigitalControlsRobot/install/digital_controls_robot/share/digital_controls_robot/environment/path.dsv
[0.269s] -- Up-to-date symlink: /home/jgait/DigitalControlsRobot/install/digital_controls_robot/share/digital_controls_robot/local_setup.bash
[0.269s] -- Up-to-date symlink: /home/jgait/DigitalControlsRobot/install/digital_controls_robot/share/digital_controls_robot/local_setup.sh
[0.269s] -- Up-to-date symlink: /home/jgait/DigitalControlsRobot/install/digital_controls_robot/share/digital_controls_robot/local_setup.zsh
[0.269s] -- Up-to-date symlink: /home/jgait/DigitalControlsRobot/install/digital_controls_robot/share/digital_controls_robot/local_setup.dsv
[0.270s] -- Symlinking: /home/jgait/DigitalControlsRobot/install/digital_controls_robot/share/digital_controls_robot/package.dsv
[0.285s] -- Up-to-date symlink: /home/jgait/DigitalControlsRobot/install/digital_controls_robot/share/ament_index/resource_index/packages/digital_controls_robot
[0.285s] -- Up-to-date symlink: /home/jgait/DigitalControlsRobot/install/digital_controls_robot/share/digital_controls_robot/cmake/digital_controls_robotConfig.cmake
[0.285s] -- Up-to-date symlink: /home/jgait/DigitalControlsRobot/install/digital_controls_robot/share/digital_controls_robot/cmake/digital_controls_robotConfig-version.cmake
[0.285s] -- Up-to-date symlink: /home/jgait/DigitalControlsRobot/install/digital_controls_robot/share/digital_controls_robot/package.xml
[0.288s] Invoked command in '/home/jgait/DigitalControlsRobot/build/digital_controls_robot' returned '0': CMAKE_PREFIX_PATH=/opt/ros/humble /usr/bin/cmake --install /home/jgait/DigitalControlsRobot/build/digital_controls_robot
